/mnt/d/Projects/CSharp/Day_Trading_Platform_Dragon/AIRES/tests/AIRES.Application.Tests/Services/OrchestratorFactoryTests.cs(52,20): error CS0266: Cannot implicitly convert type 'AIRES.Application.Services.IOrchestratorFactory' to 'AIRES.Application.Services.OrchestratorFactory'. An explicit conversion exists (are you missing a cast?) [/mnt/d/Projects/CSharp/Day_Trading_Platform_Dragon/AIRES/tests/AIRES.Application.Tests/AIRES.Application.Tests.csproj]
/mnt/d/Projects/CSharp/Day_Trading_Platform_Dragon/AIRES/tests/AIRES.Application.Tests/Services/OrchestratorFactoryTests.cs(78,22): error CS8602: Dereference of a possibly null reference. [/mnt/d/Projects/CSharp/Day_Trading_Platform_Dragon/AIRES/tests/AIRES.Application.Tests/AIRES.Application.Tests.csproj]
/mnt/d/Projects/CSharp/Day_Trading_Platform_Dragon/AIRES/tests/AIRES.Application.Tests/Services/OrchestratorFactoryTests.cs(94,21): error CS8602: Dereference of a possibly null reference. [/mnt/d/Projects/CSharp/Day_Trading_Platform_Dragon/AIRES/tests/AIRES.Application.Tests/AIRES.Application.Tests.csproj]
/mnt/d/Projects/CSharp/Day_Trading_Platform_Dragon/AIRES/tests/AIRES.Application.Tests/Services/AIResearchOrchestratorServiceTests.cs(146,46): error CS1061: 'IReadOnlyList<string>' does not contain a definition for 'FindIndex' and no accessible extension method 'FindIndex' accepting a first argument of type 'IReadOnlyList<string>' could be found (are you missing a using directive or an assembly reference?) [/mnt/d/Projects/CSharp/Day_Trading_Platform_Dragon/AIRES/tests/AIRES.Application.Tests/AIRES.Application.Tests.csproj]
/mnt/d/Projects/CSharp/Day_Trading_Platform_Dragon/AIRES/tests/AIRES.Application.Tests/Services/AIResearchOrchestratorServiceTests.cs(147,40): error CS1061: 'IReadOnlyList<string>' does not contain a definition for 'FindIndex' and no accessible extension method 'FindIndex' accepting a first argument of type 'IReadOnlyList<string>' could be found (are you missing a using directive or an assembly reference?) [/mnt/d/Projects/CSharp/Day_Trading_Platform_Dragon/AIRES/tests/AIRES.Application.Tests/AIRES.Application.Tests.csproj]
/mnt/d/Projects/CSharp/Day_Trading_Platform_Dragon/AIRES/tests/AIRES.Application.Tests/Services/AIResearchOrchestratorServiceTests.cs(148,41): error CS1061: 'IReadOnlyList<string>' does not contain a definition for 'FindIndex' and no accessible extension method 'FindIndex' accepting a first argument of type 'IReadOnlyList<string>' could be found (are you missing a using directive or an assembly reference?) [/mnt/d/Projects/CSharp/Day_Trading_Platform_Dragon/AIRES/tests/AIRES.Application.Tests/AIRES.Application.Tests.csproj]
/mnt/d/Projects/CSharp/Day_Trading_Platform_Dragon/AIRES/tests/AIRES.Application.Tests/Services/AIResearchOrchestratorServiceTests.cs(149,42): error CS1061: 'IReadOnlyList<string>' does not contain a definition for 'FindIndex' and no accessible extension method 'FindIndex' accepting a first argument of type 'IReadOnlyList<string>' could be found (are you missing a using directive or an assembly reference?) [/mnt/d/Projects/CSharp/Day_Trading_Platform_Dragon/AIRES/tests/AIRES.Application.Tests/AIRES.Application.Tests.csproj]
/mnt/d/Projects/CSharp/Day_Trading_Platform_Dragon/AIRES/tests/AIRES.Application.Tests/Services/AIResearchOrchestratorServiceTests.cs(150,39): error CS1061: 'IReadOnlyList<string>' does not contain a definition for 'FindIndex' and no accessible extension method 'FindIndex' accepting a first argument of type 'IReadOnlyList<string>' could be found (are you missing a using directive or an assembly reference?) [/mnt/d/Projects/CSharp/Day_Trading_Platform_Dragon/AIRES/tests/AIRES.Application.Tests/AIRES.Application.Tests.csproj]
/mnt/d/Projects/CSharp/Day_Trading_Platform_Dragon/AIRES/tests/AIRES.Application.Tests/Services/AIResearchOrchestratorServiceTests.cs(160,73): error CS1061: 'ResearchBooklet' does not contain a definition for 'Id' and no accessible extension method 'Id' accepting a first argument of type 'ResearchBooklet' could be found (are you missing a using directive or an assembly reference?) [/mnt/d/Projects/CSharp/Day_Trading_Platform_Dragon/AIRES/tests/AIRES.Application.Tests/AIRES.Application.Tests.csproj]
/mnt/d/Projects/CSharp/Day_Trading_Platform_Dragon/AIRES/tests/AIRES.Application.Tests/Services/ParallelAIResearchOrchestratorServiceTests.cs(150,73): error CS1061: 'ResearchBooklet' does not contain a definition for 'Id' and no accessible extension method 'Id' accepting a first argument of type 'ResearchBooklet' could be found (are you missing a using directive or an assembly reference?) [/mnt/d/Projects/CSharp/Day_Trading_Platform_Dragon/AIRES/tests/AIRES.Application.Tests/AIRES.Application.Tests.csproj]
/mnt/d/Projects/CSharp/Day_Trading_Platform_Dragon/AIRES/tests/AIRES.Application.Tests/Services/AIResearchOrchestratorServiceTests.cs(365,26): error CS1061: 'ValidatePatternsCommand' does not contain a definition for 'CodeContext' and no accessible extension method 'CodeContext' accepting a first argument of type 'ValidatePatternsCommand' could be found (are you missing a using directive or an assembly reference?) [/mnt/d/Projects/CSharp/Day_Trading_Platform_Dragon/AIRES/tests/AIRES.Application.Tests/AIRES.Application.Tests.csproj]
/mnt/d/Projects/CSharp/Day_Trading_Platform_Dragon/AIRES/tests/AIRES.Application.Tests/Services/AIResearchOrchestratorServiceTests.cs(370,21): error CS0103: The name 'PatternSeverity' does not exist in the current context [/mnt/d/Projects/CSharp/Day_Trading_Platform_Dragon/AIRES/tests/AIRES.Application.Tests/AIRES.Application.Tests.csproj]
/mnt/d/Projects/CSharp/Day_Trading_Platform_Dragon/AIRES/tests/AIRES.Application.Tests/Services/AIResearchOrchestratorServiceTests.cs(371,21): error CS1503: Argument 4: cannot convert from 'string' to 'AIRES.Core.Domain.ValueObjects.ErrorLocation?' [/mnt/d/Projects/CSharp/Day_Trading_Platform_Dragon/AIRES/tests/AIRES.Application.Tests/AIRES.Application.Tests.csproj]
/mnt/d/Projects/CSharp/Day_Trading_Platform_Dragon/AIRES/tests/AIRES.Application.Tests/Services/AIResearchOrchestratorServiceTests.cs(345,85): error CS1061: 'ErrorLocation' does not contain a definition for 'Line' and no accessible extension method 'Line' accepting a first argument of type 'ErrorLocation' could be found (are you missing a using directive or an assembly reference?) [/mnt/d/Projects/CSharp/Day_Trading_Platform_Dragon/AIRES/tests/AIRES.Application.Tests/AIRES.Application.Tests.csproj]
/mnt/d/Projects/CSharp/Day_Trading_Platform_Dragon/AIRES/tests/AIRES.Application.Tests/Services/ParallelAIResearchOrchestratorServiceTests.cs(186,21): error CS0019: Operator '<' cannot be applied to operands of type 'DateTime' and 'string' [/mnt/d/Projects/CSharp/Day_Trading_Platform_Dragon/AIRES/tests/AIRES.Application.Tests/AIRES.Application.Tests.csproj]
/mnt/d/Projects/CSharp/Day_Trading_Platform_Dragon/AIRES/tests/AIRES.Application.Tests/Services/ParallelAIResearchOrchestratorServiceTests.cs(187,21): error CS0019: Operator '<' cannot be applied to operands of type 'DateTime' and 'string' [/mnt/d/Projects/CSharp/Day_Trading_Platform_Dragon/AIRES/tests/AIRES.Application.Tests/AIRES.Application.Tests.csproj]
/mnt/d/Projects/CSharp/Day_Trading_Platform_Dragon/AIRES/tests/AIRES.Application.Tests/Services/ParallelAIResearchOrchestratorServiceTests.cs(188,21): error CS0019: Operator '<' cannot be applied to operands of type 'DateTime' and 'string' [/mnt/d/Projects/CSharp/Day_Trading_Platform_Dragon/AIRES/tests/AIRES.Application.Tests/AIRES.Application.Tests.csproj]
/mnt/d/Projects/CSharp/Day_Trading_Platform_Dragon/AIRES/tests/AIRES.Application.Tests/Services/ParallelAIResearchOrchestratorServiceTests.cs(186,71): error CS8602: Dereference of a possibly null reference. [/mnt/d/Projects/CSharp/Day_Trading_Platform_Dragon/AIRES/tests/AIRES.Application.Tests/AIRES.Application.Tests.csproj]
/mnt/d/Projects/CSharp/Day_Trading_Platform_Dragon/AIRES/tests/AIRES.Application.Tests/Services/ParallelAIResearchOrchestratorServiceTests.cs(481,85): error CS1061: 'ErrorLocation' does not contain a definition for 'Line' and no accessible extension method 'Line' accepting a first argument of type 'ErrorLocation' could be found (are you missing a using directive or an assembly reference?) [/mnt/d/Projects/CSharp/Day_Trading_Platform_Dragon/AIRES/tests/AIRES.Application.Tests/AIRES.Application.Tests.csproj]
/mnt/d/Projects/CSharp/Day_Trading_Platform_Dragon/AIRES/tests/AIRES.Application.Tests/Services/ParallelAIResearchOrchestratorServiceTests.cs(530,26): error CS1061: 'ValidatePatternsCommand' does not contain a definition for 'CodeContext' and no accessible extension method 'CodeContext' accepting a first argument of type 'ValidatePatternsCommand' could be found (are you missing a using directive or an assembly reference?) [/mnt/d/Projects/CSharp/Day_Trading_Platform_Dragon/AIRES/tests/AIRES.Application.Tests/AIRES.Application.Tests.csproj]
/mnt/d/Projects/CSharp/Day_Trading_Platform_Dragon/AIRES/tests/AIRES.Application.Tests/Services/ParallelAIResearchOrchestratorServiceTests.cs(535,21): error CS0103: The name 'PatternSeverity' does not exist in the current context [/mnt/d/Projects/CSharp/Day_Trading_Platform_Dragon/AIRES/tests/AIRES.Application.Tests/AIRES.Application.Tests.csproj]
/mnt/d/Projects/CSharp/Day_Trading_Platform_Dragon/AIRES/tests/AIRES.Application.Tests/Services/ParallelAIResearchOrchestratorServiceTests.cs(536,21): error CS1503: Argument 4: cannot convert from 'string' to 'AIRES.Core.Domain.ValueObjects.ErrorLocation?' [/mnt/d/Projects/CSharp/Day_Trading_Platform_Dragon/AIRES/tests/AIRES.Application.Tests/AIRES.Application.Tests.csproj]
/mnt/d/Projects/CSharp/Day_Trading_Platform_Dragon/AIRES/tests/AIRES.Application.Tests/Services/OrchestratorFactoryTests.cs(52,20): error CS0266: Cannot implicitly convert type 'AIRES.Application.Services.IOrchestratorFactory' to 'AIRES.Application.Services.OrchestratorFactory'. An explicit conversion exists (are you missing a cast?) [/mnt/d/Projects/CSharp/Day_Trading_Platform_Dragon/AIRES/tests/AIRES.Application.Tests/AIRES.Application.Tests.csproj]
/mnt/d/Projects/CSharp/Day_Trading_Platform_Dragon/AIRES/tests/AIRES.Application.Tests/Services/OrchestratorFactoryTests.cs(78,22): error CS8602: Dereference of a possibly null reference. [/mnt/d/Projects/CSharp/Day_Trading_Platform_Dragon/AIRES/tests/AIRES.Application.Tests/AIRES.Application.Tests.csproj]
/mnt/d/Projects/CSharp/Day_Trading_Platform_Dragon/AIRES/tests/AIRES.Application.Tests/Services/OrchestratorFactoryTests.cs(94,21): error CS8602: Dereference of a possibly null reference. [/mnt/d/Projects/CSharp/Day_Trading_Platform_Dragon/AIRES/tests/AIRES.Application.Tests/AIRES.Application.Tests.csproj]
/mnt/d/Projects/CSharp/Day_Trading_Platform_Dragon/AIRES/tests/AIRES.Application.Tests/Services/AIResearchOrchestratorServiceTests.cs(146,46): error CS1061: 'IReadOnlyList<string>' does not contain a definition for 'FindIndex' and no accessible extension method 'FindIndex' accepting a first argument of type 'IReadOnlyList<string>' could be found (are you missing a using directive or an assembly reference?) [/mnt/d/Projects/CSharp/Day_Trading_Platform_Dragon/AIRES/tests/AIRES.Application.Tests/AIRES.Application.Tests.csproj]
/mnt/d/Projects/CSharp/Day_Trading_Platform_Dragon/AIRES/tests/AIRES.Application.Tests/Services/AIResearchOrchestratorServiceTests.cs(147,40): error CS1061: 'IReadOnlyList<string>' does not contain a definition for 'FindIndex' and no accessible extension method 'FindIndex' accepting a first argument of type 'IReadOnlyList<string>' could be found (are you missing a using directive or an assembly reference?) [/mnt/d/Projects/CSharp/Day_Trading_Platform_Dragon/AIRES/tests/AIRES.Application.Tests/AIRES.Application.Tests.csproj]
/mnt/d/Projects/CSharp/Day_Trading_Platform_Dragon/AIRES/tests/AIRES.Application.Tests/Services/AIResearchOrchestratorServiceTests.cs(148,41): error CS1061: 'IReadOnlyList<string>' does not contain a definition for 'FindIndex' and no accessible extension method 'FindIndex' accepting a first argument of type 'IReadOnlyList<string>' could be found (are you missing a using directive or an assembly reference?) [/mnt/d/Projects/CSharp/Day_Trading_Platform_Dragon/AIRES/tests/AIRES.Application.Tests/AIRES.Application.Tests.csproj]
/mnt/d/Projects/CSharp/Day_Trading_Platform_Dragon/AIRES/tests/AIRES.Application.Tests/Services/AIResearchOrchestratorServiceTests.cs(149,42): error CS1061: 'IReadOnlyList<string>' does not contain a definition for 'FindIndex' and no accessible extension method 'FindIndex' accepting a first argument of type 'IReadOnlyList<string>' could be found (are you missing a using directive or an assembly reference?) [/mnt/d/Projects/CSharp/Day_Trading_Platform_Dragon/AIRES/tests/AIRES.Application.Tests/AIRES.Application.Tests.csproj]
/mnt/d/Projects/CSharp/Day_Trading_Platform_Dragon/AIRES/tests/AIRES.Application.Tests/Services/AIResearchOrchestratorServiceTests.cs(150,39): error CS1061: 'IReadOnlyList<string>' does not contain a definition for 'FindIndex' and no accessible extension method 'FindIndex' accepting a first argument of type 'IReadOnlyList<string>' could be found (are you missing a using directive or an assembly reference?) [/mnt/d/Projects/CSharp/Day_Trading_Platform_Dragon/AIRES/tests/AIRES.Application.Tests/AIRES.Application.Tests.csproj]
/mnt/d/Projects/CSharp/Day_Trading_Platform_Dragon/AIRES/tests/AIRES.Application.Tests/Services/AIResearchOrchestratorServiceTests.cs(160,73): error CS1061: 'ResearchBooklet' does not contain a definition for 'Id' and no accessible extension method 'Id' accepting a first argument of type 'ResearchBooklet' could be found (are you missing a using directive or an assembly reference?) [/mnt/d/Projects/CSharp/Day_Trading_Platform_Dragon/AIRES/tests/AIRES.Application.Tests/AIRES.Application.Tests.csproj]
/mnt/d/Projects/CSharp/Day_Trading_Platform_Dragon/AIRES/tests/AIRES.Application.Tests/Services/ParallelAIResearchOrchestratorServiceTests.cs(150,73): error CS1061: 'ResearchBooklet' does not contain a definition for 'Id' and no accessible extension method 'Id' accepting a first argument of type 'ResearchBooklet' could be found (are you missing a using directive or an assembly reference?) [/mnt/d/Projects/CSharp/Day_Trading_Platform_Dragon/AIRES/tests/AIRES.Application.Tests/AIRES.Application.Tests.csproj]
/mnt/d/Projects/CSharp/Day_Trading_Platform_Dragon/AIRES/tests/AIRES.Application.Tests/Services/AIResearchOrchestratorServiceTests.cs(365,26): error CS1061: 'ValidatePatternsCommand' does not contain a definition for 'CodeContext' and no accessible extension method 'CodeContext' accepting a first argument of type 'ValidatePatternsCommand' could be found (are you missing a using directive or an assembly reference?) [/mnt/d/Projects/CSharp/Day_Trading_Platform_Dragon/AIRES/tests/AIRES.Application.Tests/AIRES.Application.Tests.csproj]
/mnt/d/Projects/CSharp/Day_Trading_Platform_Dragon/AIRES/tests/AIRES.Application.Tests/Services/AIResearchOrchestratorServiceTests.cs(370,21): error CS0103: The name 'PatternSeverity' does not exist in the current context [/mnt/d/Projects/CSharp/Day_Trading_Platform_Dragon/AIRES/tests/AIRES.Application.Tests/AIRES.Application.Tests.csproj]
/mnt/d/Projects/CSharp/Day_Trading_Platform_Dragon/AIRES/tests/AIRES.Application.Tests/Services/AIResearchOrchestratorServiceTests.cs(371,21): error CS1503: Argument 4: cannot convert from 'string' to 'AIRES.Core.Domain.ValueObjects.ErrorLocation?' [/mnt/d/Projects/CSharp/Day_Trading_Platform_Dragon/AIRES/tests/AIRES.Application.Tests/AIRES.Application.Tests.csproj]
/mnt/d/Projects/CSharp/Day_Trading_Platform_Dragon/AIRES/tests/AIRES.Application.Tests/Services/AIResearchOrchestratorServiceTests.cs(345,85): error CS1061: 'ErrorLocation' does not contain a definition for 'Line' and no accessible extension method 'Line' accepting a first argument of type 'ErrorLocation' could be found (are you missing a using directive or an assembly reference?) [/mnt/d/Projects/CSharp/Day_Trading_Platform_Dragon/AIRES/tests/AIRES.Application.Tests/AIRES.Application.Tests.csproj]
/mnt/d/Projects/CSharp/Day_Trading_Platform_Dragon/AIRES/tests/AIRES.Application.Tests/Services/ParallelAIResearchOrchestratorServiceTests.cs(186,21): error CS0019: Operator '<' cannot be applied to operands of type 'DateTime' and 'string' [/mnt/d/Projects/CSharp/Day_Trading_Platform_Dragon/AIRES/tests/AIRES.Application.Tests/AIRES.Application.Tests.csproj]
/mnt/d/Projects/CSharp/Day_Trading_Platform_Dragon/AIRES/tests/AIRES.Application.Tests/Services/ParallelAIResearchOrchestratorServiceTests.cs(187,21): error CS0019: Operator '<' cannot be applied to operands of type 'DateTime' and 'string' [/mnt/d/Projects/CSharp/Day_Trading_Platform_Dragon/AIRES/tests/AIRES.Application.Tests/AIRES.Application.Tests.csproj]
/mnt/d/Projects/CSharp/Day_Trading_Platform_Dragon/AIRES/tests/AIRES.Application.Tests/Services/ParallelAIResearchOrchestratorServiceTests.cs(188,21): error CS0019: Operator '<' cannot be applied to operands of type 'DateTime' and 'string' [/mnt/d/Projects/CSharp/Day_Trading_Platform_Dragon/AIRES/tests/AIRES.Application.Tests/AIRES.Application.Tests.csproj]
/mnt/d/Projects/CSharp/Day_Trading_Platform_Dragon/AIRES/tests/AIRES.Application.Tests/Services/ParallelAIResearchOrchestratorServiceTests.cs(186,71): error CS8602: Dereference of a possibly null reference. [/mnt/d/Projects/CSharp/Day_Trading_Platform_Dragon/AIRES/tests/AIRES.Application.Tests/AIRES.Application.Tests.csproj]
/mnt/d/Projects/CSharp/Day_Trading_Platform_Dragon/AIRES/tests/AIRES.Application.Tests/Services/ParallelAIResearchOrchestratorServiceTests.cs(481,85): error CS1061: 'ErrorLocation' does not contain a definition for 'Line' and no accessible extension method 'Line' accepting a first argument of type 'ErrorLocation' could be found (are you missing a using directive or an assembly reference?) [/mnt/d/Projects/CSharp/Day_Trading_Platform_Dragon/AIRES/tests/AIRES.Application.Tests/AIRES.Application.Tests.csproj]
/mnt/d/Projects/CSharp/Day_Trading_Platform_Dragon/AIRES/tests/AIRES.Application.Tests/Services/ParallelAIResearchOrchestratorServiceTests.cs(530,26): error CS1061: 'ValidatePatternsCommand' does not contain a definition for 'CodeContext' and no accessible extension method 'CodeContext' accepting a first argument of type 'ValidatePatternsCommand' could be found (are you missing a using directive or an assembly reference?) [/mnt/d/Projects/CSharp/Day_Trading_Platform_Dragon/AIRES/tests/AIRES.Application.Tests/AIRES.Application.Tests.csproj]
/mnt/d/Projects/CSharp/Day_Trading_Platform_Dragon/AIRES/tests/AIRES.Application.Tests/Services/ParallelAIResearchOrchestratorServiceTests.cs(535,21): error CS0103: The name 'PatternSeverity' does not exist in the current context [/mnt/d/Projects/CSharp/Day_Trading_Platform_Dragon/AIRES/tests/AIRES.Application.Tests/AIRES.Application.Tests.csproj]
/mnt/d/Projects/CSharp/Day_Trading_Platform_Dragon/AIRES/tests/AIRES.Application.Tests/Services/ParallelAIResearchOrchestratorServiceTests.cs(536,21): error CS1503: Argument 4: cannot convert from 'string' to 'AIRES.Core.Domain.ValueObjects.ErrorLocation?' [/mnt/d/Projects/CSharp/Day_Trading_Platform_Dragon/AIRES/tests/AIRES.Application.Tests/AIRES.Application.Tests.csproj]
